<?xml version="1.0" encoding="UTF-8"?>
<!-- Generated by org.testng.reporters.JUnitReportReporter -->
<testsuite hostname="DESKTOP-CFHOJMH" failures="0" tests="1" name="com.training.sanity.tests.LoginPOMTests" time="12.500" errors="0" timestamp="2020-08-22T23:05:31 EDT" skipped="0">
  <testcase classname="com.training.sanity.tests.LoginPOMTests" name="validLoginTest" time="12.500"/>
  <system-out/>
</testsuite> <!-- com.training.sanity.tests.LoginPOMTests -->
