<?xml version="1.0" encoding="UTF-8"?>
<!-- Generated by org.testng.reporters.JUnitReportReporter -->
<testsuite hostname="DESKTOP-CFHOJMH" failures="0" tests="1" name="com.training.sanity.tests.RegPOMTests" time="16.281" errors="0" timestamp="2020-08-20T22:25:41 EDT" skipped="0">
  <testcase classname="com.training.sanity.tests.RegPOMTests" name="validRegisterTest" time="16.281"/>
  <system-out/>
</testsuite> <!-- com.training.sanity.tests.RegPOMTests -->
