<?xml version="1.0" encoding="UTF-8"?>
<!-- Generated by org.testng.reporters.JUnitReportReporter -->
<testsuite hostname="DESKTOP-CFHOJMH" failures="0" tests="1" name="com.training.sanity.tests.LoginTests" time="21.180" errors="0" timestamp="2020-08-19T23:26:16 EDT" skipped="0">
  <testcase classname="com.training.sanity.tests.LoginTests" name="validRegisterTest" time="21.180"/>
  <system-out/>
</testsuite> <!-- com.training.sanity.tests.LoginTests -->
